2014-11-22 18:12:42,658 [Worker-3] INFO  o.e.m.c.i.l.LifecycleMappingFactory - Using org.maven.ide.eclipse.wtp.WarLifecycleMapping lifecycle mapping for MavenProject: com.github.tripville:tripville:1.7-SNAPSHOT @ D:\ooadworkspace\tripville\pom.xml.
2014-11-22 18:12:51,446 [Worker-3] INFO  o.e.m.j.i.AbstractJavaProjectConfigurator - Adding source folder /tripville/src/main/java
2014-11-22 18:12:51,446 [Worker-3] INFO  o.e.m.j.i.AbstractJavaProjectConfigurator - Adding resource folder /tripville/src/main/resources
2014-11-22 18:12:51,446 [Worker-3] INFO  o.e.m.j.i.AbstractJavaProjectConfigurator - Adding source folder /tripville/src/test/java
2014-11-22 18:12:52,070 [Worker-11] INFO  o.e.m.c.i.l.LifecycleMappingFactory - Using org.maven.ide.eclipse.wtp.WarLifecycleMapping lifecycle mapping for MavenProject: com.github.tripville:tripville:1.7-SNAPSHOT @ D:\ooadworkspace\tripville\pom.xml.
2014-11-22 18:12:53,242 [Worker-3] INFO  o.e.m.c.i.p.ProjectConfigurationManager - Imported and configured 1 project(s) in 20 sec
2014-11-22 18:13:00,895 [Worker-10] INFO  o.e.m.c.i.embedder.EclipseLogger - Using 'UTF-8' encoding to copy filtered resources.
2014-11-22 18:13:00,916 [Worker-10] INFO  o.e.m.c.i.embedder.EclipseLogger - Copying 3 resources
2014-11-22 18:13:00,933 [Worker-10] INFO  o.e.m.c.i.embedder.EclipseLogger - Using 'UTF-8' encoding to copy filtered resources.
2014-11-22 18:13:00,933 [Worker-10] INFO  o.e.m.c.i.embedder.EclipseLogger - skip non existing resourceDirectory D:\ooadworkspace\tripville\src\test\resources
2014-11-22 19:36:06,550 [Worker-39] INFO  o.e.m.c.i.embedder.EclipseLogger - Using 'UTF-8' encoding to copy filtered resources.
2014-11-22 19:36:06,550 [Worker-39] INFO  o.e.m.c.i.embedder.EclipseLogger - Copying 0 resource
2014-11-22 19:36:06,566 [Worker-39] INFO  o.e.m.c.i.embedder.EclipseLogger - Using 'UTF-8' encoding to copy filtered resources.
2014-11-22 19:36:06,566 [Worker-39] INFO  o.e.m.c.i.embedder.EclipseLogger - skip non existing resourceDirectory D:\ooadworkspace\tripville\src\test\resources
2014-11-22 20:01:14,022 [Worker-56] INFO  o.e.m.c.i.embedder.EclipseLogger - Using 'UTF-8' encoding to copy filtered resources.
2014-11-22 20:01:14,031 [Worker-56] INFO  o.e.m.c.i.embedder.EclipseLogger - Copying 3 resources
2014-11-22 20:01:14,035 [Worker-56] INFO  o.e.m.c.i.embedder.EclipseLogger - Using 'UTF-8' encoding to copy filtered resources.
2014-11-22 20:01:14,036 [Worker-56] INFO  o.e.m.c.i.embedder.EclipseLogger - skip non existing resourceDirectory D:\ooadworkspace\tripville\src\test\resources
2014-11-22 20:10:56,304 [Worker-64] INFO  o.e.m.c.i.embedder.EclipseLogger - Using 'UTF-8' encoding to copy filtered resources.
2014-11-22 20:10:56,305 [Worker-64] INFO  o.e.m.c.i.embedder.EclipseLogger - Copying 3 resources
2014-11-22 20:10:56,308 [Worker-64] INFO  o.e.m.c.i.embedder.EclipseLogger - Using 'UTF-8' encoding to copy filtered resources.
2014-11-22 20:10:56,308 [Worker-64] INFO  o.e.m.c.i.embedder.EclipseLogger - skip non existing resourceDirectory D:\ooadworkspace\tripville\src\test\resources
2014-11-22 20:11:15,156 [Worker-66] INFO  o.e.m.c.i.embedder.EclipseLogger - Using 'UTF-8' encoding to copy filtered resources.
2014-11-22 20:11:15,157 [Worker-66] INFO  o.e.m.c.i.embedder.EclipseLogger - Copying 3 resources
2014-11-22 20:11:15,159 [Worker-66] INFO  o.e.m.c.i.embedder.EclipseLogger - Using 'UTF-8' encoding to copy filtered resources.
2014-11-22 20:11:15,159 [Worker-66] INFO  o.e.m.c.i.embedder.EclipseLogger - skip non existing resourceDirectory D:\ooadworkspace\tripville\src\test\resources
2014-11-22 20:15:31,309 [Worker-66] INFO  o.e.m.c.i.embedder.EclipseLogger - Using 'UTF-8' encoding to copy filtered resources.
2014-11-22 20:15:31,311 [Worker-66] INFO  o.e.m.c.i.embedder.EclipseLogger - Copying 3 resources
2014-11-22 20:15:31,314 [Worker-66] INFO  o.e.m.c.i.embedder.EclipseLogger - Using 'UTF-8' encoding to copy filtered resources.
2014-11-22 20:15:31,314 [Worker-66] INFO  o.e.m.c.i.embedder.EclipseLogger - skip non existing resourceDirectory D:\ooadworkspace\tripville\src\test\resources
2014-11-22 21:30:52,431 [Worker-87] INFO  o.e.m.c.i.embedder.EclipseLogger - Using 'UTF-8' encoding to copy filtered resources.
2014-11-22 21:30:52,432 [Worker-87] INFO  o.e.m.c.i.embedder.EclipseLogger - Copying 3 resources
2014-11-22 21:30:52,434 [Worker-87] INFO  o.e.m.c.i.embedder.EclipseLogger - Using 'UTF-8' encoding to copy filtered resources.
2014-11-22 21:30:52,435 [Worker-87] INFO  o.e.m.c.i.embedder.EclipseLogger - skip non existing resourceDirectory D:\ooadworkspace\tripville\src\test\resources
2014-11-22 21:35:24,714 [Worker-91] INFO  o.e.m.c.i.embedder.EclipseLogger - Using 'UTF-8' encoding to copy filtered resources.
2014-11-22 21:35:24,715 [Worker-91] INFO  o.e.m.c.i.embedder.EclipseLogger - Copying 3 resources
2014-11-22 21:35:24,718 [Worker-91] INFO  o.e.m.c.i.embedder.EclipseLogger - Using 'UTF-8' encoding to copy filtered resources.
2014-11-22 21:35:24,718 [Worker-91] INFO  o.e.m.c.i.embedder.EclipseLogger - skip non existing resourceDirectory D:\ooadworkspace\tripville\src\test\resources
2014-11-22 21:40:04,757 [Worker-100] INFO  o.e.m.c.i.embedder.EclipseLogger - Using 'UTF-8' encoding to copy filtered resources.
2014-11-22 21:40:04,757 [Worker-100] INFO  o.e.m.c.i.embedder.EclipseLogger - Copying 3 resources
2014-11-22 21:40:04,760 [Worker-100] INFO  o.e.m.c.i.embedder.EclipseLogger - Using 'UTF-8' encoding to copy filtered resources.
2014-11-22 21:40:04,760 [Worker-100] INFO  o.e.m.c.i.embedder.EclipseLogger - skip non existing resourceDirectory D:\ooadworkspace\tripville\src\test\resources
2014-11-22 21:52:24,650 [Worker-108] INFO  o.e.m.c.i.embedder.EclipseLogger - Using 'UTF-8' encoding to copy filtered resources.
2014-11-22 21:52:24,651 [Worker-108] INFO  o.e.m.c.i.embedder.EclipseLogger - Copying 0 resource
2014-11-22 21:52:24,653 [Worker-108] INFO  o.e.m.c.i.embedder.EclipseLogger - Using 'UTF-8' encoding to copy filtered resources.
2014-11-22 21:52:24,654 [Worker-108] INFO  o.e.m.c.i.embedder.EclipseLogger - skip non existing resourceDirectory D:\ooadworkspace\tripville\src\test\resources
2014-11-22 21:55:26,291 [Worker-116] INFO  o.e.m.c.i.embedder.EclipseLogger - Using 'UTF-8' encoding to copy filtered resources.
2014-11-22 21:55:26,292 [Worker-116] INFO  o.e.m.c.i.embedder.EclipseLogger - Copying 0 resource
2014-11-22 21:55:26,295 [Worker-116] INFO  o.e.m.c.i.embedder.EclipseLogger - Using 'UTF-8' encoding to copy filtered resources.
2014-11-22 21:55:26,296 [Worker-116] INFO  o.e.m.c.i.embedder.EclipseLogger - skip non existing resourceDirectory D:\ooadworkspace\tripville\src\test\resources
2014-11-22 21:58:18,457 [Worker-102] INFO  o.e.m.c.i.embedder.EclipseLogger - Using 'UTF-8' encoding to copy filtered resources.
2014-11-22 21:58:18,458 [Worker-102] INFO  o.e.m.c.i.embedder.EclipseLogger - Copying 0 resource
2014-11-22 21:58:18,462 [Worker-102] INFO  o.e.m.c.i.embedder.EclipseLogger - Using 'UTF-8' encoding to copy filtered resources.
2014-11-22 21:58:18,463 [Worker-102] INFO  o.e.m.c.i.embedder.EclipseLogger - skip non existing resourceDirectory D:\ooadworkspace\tripville\src\test\resources
2014-11-22 22:00:07,662 [Worker-120] INFO  o.e.m.c.i.embedder.EclipseLogger - Using 'UTF-8' encoding to copy filtered resources.
2014-11-22 22:00:07,663 [Worker-120] INFO  o.e.m.c.i.embedder.EclipseLogger - Copying 0 resource
2014-11-22 22:00:07,665 [Worker-120] INFO  o.e.m.c.i.embedder.EclipseLogger - Using 'UTF-8' encoding to copy filtered resources.
2014-11-22 22:00:07,666 [Worker-120] INFO  o.e.m.c.i.embedder.EclipseLogger - skip non existing resourceDirectory D:\ooadworkspace\tripville\src\test\resources
2014-11-22 22:04:40,464 [Worker-127] INFO  o.e.m.c.i.embedder.EclipseLogger - Using 'UTF-8' encoding to copy filtered resources.
2014-11-22 22:04:40,465 [Worker-127] INFO  o.e.m.c.i.embedder.EclipseLogger - Copying 0 resource
2014-11-22 22:04:40,469 [Worker-127] INFO  o.e.m.c.i.embedder.EclipseLogger - Using 'UTF-8' encoding to copy filtered resources.
2014-11-22 22:04:40,469 [Worker-127] INFO  o.e.m.c.i.embedder.EclipseLogger - skip non existing resourceDirectory D:\ooadworkspace\tripville\src\test\resources
2014-11-22 22:11:42,181 [Worker-123] INFO  o.e.m.c.i.embedder.EclipseLogger - Using 'UTF-8' encoding to copy filtered resources.
2014-11-22 22:11:42,181 [Worker-123] INFO  o.e.m.c.i.embedder.EclipseLogger - Copying 0 resource
2014-11-22 22:11:42,184 [Worker-123] INFO  o.e.m.c.i.embedder.EclipseLogger - Using 'UTF-8' encoding to copy filtered resources.
2014-11-22 22:11:42,184 [Worker-123] INFO  o.e.m.c.i.embedder.EclipseLogger - skip non existing resourceDirectory D:\ooadworkspace\tripville\src\test\resources
2014-11-22 22:14:01,148 [Worker-141] INFO  o.e.m.c.i.embedder.EclipseLogger - Using 'UTF-8' encoding to copy filtered resources.
2014-11-22 22:14:01,149 [Worker-141] INFO  o.e.m.c.i.embedder.EclipseLogger - Copying 3 resources
2014-11-22 22:14:01,151 [Worker-141] INFO  o.e.m.c.i.embedder.EclipseLogger - Using 'UTF-8' encoding to copy filtered resources.
2014-11-22 22:14:01,151 [Worker-141] INFO  o.e.m.c.i.embedder.EclipseLogger - skip non existing resourceDirectory D:\ooadworkspace\tripville\src\test\resources
2014-11-22 22:16:21,976 [Worker-142] INFO  o.e.m.c.i.embedder.EclipseLogger - Using 'UTF-8' encoding to copy filtered resources.
2014-11-22 22:16:21,977 [Worker-142] INFO  o.e.m.c.i.embedder.EclipseLogger - Copying 3 resources
2014-11-22 22:16:21,981 [Worker-142] INFO  o.e.m.c.i.embedder.EclipseLogger - Using 'UTF-8' encoding to copy filtered resources.
2014-11-22 22:16:21,981 [Worker-142] INFO  o.e.m.c.i.embedder.EclipseLogger - skip non existing resourceDirectory D:\ooadworkspace\tripville\src\test\resources
2014-11-22 22:19:25,762 [Worker-144] INFO  o.e.m.c.i.embedder.EclipseLogger - Using 'UTF-8' encoding to copy filtered resources.
2014-11-22 22:19:25,763 [Worker-144] INFO  o.e.m.c.i.embedder.EclipseLogger - Copying 3 resources
2014-11-22 22:19:25,766 [Worker-144] INFO  o.e.m.c.i.embedder.EclipseLogger - Using 'UTF-8' encoding to copy filtered resources.
2014-11-22 22:19:25,766 [Worker-144] INFO  o.e.m.c.i.embedder.EclipseLogger - skip non existing resourceDirectory D:\ooadworkspace\tripville\src\test\resources
2014-11-22 22:23:40,480 [Worker-144] INFO  o.e.m.c.i.embedder.EclipseLogger - Using 'UTF-8' encoding to copy filtered resources.
2014-11-22 22:23:40,481 [Worker-144] INFO  o.e.m.c.i.embedder.EclipseLogger - Copying 0 resource
2014-11-22 22:23:40,483 [Worker-144] INFO  o.e.m.c.i.embedder.EclipseLogger - Using 'UTF-8' encoding to copy filtered resources.
2014-11-22 22:23:40,484 [Worker-144] INFO  o.e.m.c.i.embedder.EclipseLogger - skip non existing resourceDirectory D:\ooadworkspace\tripville\src\test\resources
2014-11-22 22:24:47,951 [Worker-149] INFO  o.e.m.c.i.embedder.EclipseLogger - Using 'UTF-8' encoding to copy filtered resources.
2014-11-22 22:24:47,951 [Worker-149] INFO  o.e.m.c.i.embedder.EclipseLogger - Copying 0 resource
2014-11-22 22:24:47,954 [Worker-149] INFO  o.e.m.c.i.embedder.EclipseLogger - Using 'UTF-8' encoding to copy filtered resources.
2014-11-22 22:24:47,954 [Worker-149] INFO  o.e.m.c.i.embedder.EclipseLogger - skip non existing resourceDirectory D:\ooadworkspace\tripville\src\test\resources
2014-11-22 22:25:08,996 [Worker-143] INFO  o.e.m.c.i.embedder.EclipseLogger - Using 'UTF-8' encoding to copy filtered resources.
2014-11-22 22:25:08,997 [Worker-143] INFO  o.e.m.c.i.embedder.EclipseLogger - Copying 0 resource
2014-11-22 22:25:09,001 [Worker-143] INFO  o.e.m.c.i.embedder.EclipseLogger - Using 'UTF-8' encoding to copy filtered resources.
2014-11-22 22:25:09,001 [Worker-143] INFO  o.e.m.c.i.embedder.EclipseLogger - skip non existing resourceDirectory D:\ooadworkspace\tripville\src\test\resources
2014-11-22 22:45:55,297 [Worker-155] INFO  o.e.m.c.i.embedder.EclipseLogger - Using 'UTF-8' encoding to copy filtered resources.
2014-11-22 22:45:55,297 [Worker-155] INFO  o.e.m.c.i.embedder.EclipseLogger - Copying 3 resources
2014-11-22 22:45:55,299 [Worker-155] INFO  o.e.m.c.i.embedder.EclipseLogger - Using 'UTF-8' encoding to copy filtered resources.
2014-11-22 22:45:55,299 [Worker-155] INFO  o.e.m.c.i.embedder.EclipseLogger - skip non existing resourceDirectory D:\ooadworkspace\tripville\src\test\resources
2014-11-22 22:46:20,338 [Worker-159] INFO  o.e.m.c.i.embedder.EclipseLogger - Using 'UTF-8' encoding to copy filtered resources.
2014-11-22 22:46:20,338 [Worker-159] INFO  o.e.m.c.i.embedder.EclipseLogger - Copying 0 resource
2014-11-22 22:46:20,342 [Worker-159] INFO  o.e.m.c.i.embedder.EclipseLogger - Using 'UTF-8' encoding to copy filtered resources.
2014-11-22 22:46:20,342 [Worker-159] INFO  o.e.m.c.i.embedder.EclipseLogger - skip non existing resourceDirectory D:\ooadworkspace\tripville\src\test\resources
2014-11-22 22:49:14,678 [Worker-165] INFO  o.e.m.c.i.embedder.EclipseLogger - Using 'UTF-8' encoding to copy filtered resources.
2014-11-22 22:49:14,679 [Worker-165] INFO  o.e.m.c.i.embedder.EclipseLogger - Copying 3 resources
2014-11-22 22:49:14,681 [Worker-165] INFO  o.e.m.c.i.embedder.EclipseLogger - Using 'UTF-8' encoding to copy filtered resources.
2014-11-22 22:49:14,681 [Worker-165] INFO  o.e.m.c.i.embedder.EclipseLogger - skip non existing resourceDirectory D:\ooadworkspace\tripville\src\test\resources
2014-11-23 03:28:18,269 [Worker-173] INFO  o.e.m.c.i.embedder.EclipseLogger - Using 'UTF-8' encoding to copy filtered resources.
2014-11-23 03:28:18,270 [Worker-173] INFO  o.e.m.c.i.embedder.EclipseLogger - Copying 0 resource
2014-11-23 03:28:18,275 [Worker-173] INFO  o.e.m.c.i.embedder.EclipseLogger - Using 'UTF-8' encoding to copy filtered resources.
2014-11-23 03:28:18,275 [Worker-173] INFO  o.e.m.c.i.embedder.EclipseLogger - skip non existing resourceDirectory D:\ooadworkspace\tripville\src\test\resources
2014-11-23 09:13:10,381 [Worker-173] INFO  o.e.m.c.i.embedder.EclipseLogger - Using 'UTF-8' encoding to copy filtered resources.
2014-11-23 09:13:10,384 [Worker-173] INFO  o.e.m.c.i.embedder.EclipseLogger - Copying 3 resources
2014-11-23 09:13:10,391 [Worker-173] INFO  o.e.m.c.i.embedder.EclipseLogger - Using 'UTF-8' encoding to copy filtered resources.
2014-11-23 09:13:10,392 [Worker-173] INFO  o.e.m.c.i.embedder.EclipseLogger - skip non existing resourceDirectory D:\ooadworkspace\tripville\src\test\resources
2014-11-23 16:59:25,207 [Worker-3] INFO  o.e.m.c.i.l.LifecycleMappingFactory - Using org.maven.ide.eclipse.wtp.WarLifecycleMapping lifecycle mapping for MavenProject: com.github.tripville:tripville:1.7-SNAPSHOT @ D:\ooadworkspace\tripville\pom.xml.
2014-11-23 16:59:25,366 [Worker-2] INFO  o.e.m.c.i.l.LifecycleMappingFactory - Using org.maven.ide.eclipse.wtp.WarLifecycleMapping lifecycle mapping for MavenProject: com.github.tripville:tripville:1.7-SNAPSHOT @ D:\ooadworkspace\tripville\pom.xml.
2014-11-23 16:59:36,626 [Worker-2] INFO  o.e.m.c.i.embedder.EclipseLogger - Using 'UTF-8' encoding to copy filtered resources.
2014-11-23 16:59:36,635 [Worker-2] INFO  o.e.m.c.i.embedder.EclipseLogger - Copying 3 resources
2014-11-23 16:59:36,669 [Worker-2] INFO  o.e.m.c.i.embedder.EclipseLogger - Using 'UTF-8' encoding to copy filtered resources.
2014-11-23 16:59:36,670 [Worker-2] INFO  o.e.m.c.i.embedder.EclipseLogger - skip non existing resourceDirectory D:\ooadworkspace\tripville\src\test\resources
2014-11-23 16:59:37,954 [Worker-8] INFO  o.e.m.c.i.l.LifecycleMappingFactory - Using org.maven.ide.eclipse.wtp.WarLifecycleMapping lifecycle mapping for MavenProject: com.github.tripville:tripville:1.7-SNAPSHOT @ D:\ooadworkspace\tripville\pom.xml.
2014-11-23 16:59:42,699 [Worker-8] INFO  o.e.m.c.i.embedder.EclipseLogger - Using 'UTF-8' encoding to copy filtered resources.
2014-11-23 16:59:42,703 [Worker-8] INFO  o.e.m.c.i.embedder.EclipseLogger - Copying 0 resource
2014-11-23 16:59:42,705 [Worker-8] INFO  o.e.m.c.i.embedder.EclipseLogger - Using 'UTF-8' encoding to copy filtered resources.
2014-11-23 16:59:42,705 [Worker-8] INFO  o.e.m.c.i.embedder.EclipseLogger - skip non existing resourceDirectory D:\ooadworkspace\tripville\src\test\resources
2014-11-23 17:03:18,142 [Worker-2] INFO  o.e.m.c.i.embedder.EclipseLogger - Using 'UTF-8' encoding to copy filtered resources.
2014-11-23 17:03:18,149 [Worker-2] INFO  o.e.m.c.i.embedder.EclipseLogger - Copying 3 resources
2014-11-23 17:03:18,150 [Worker-2] INFO  o.e.m.c.i.embedder.EclipseLogger - Using 'UTF-8' encoding to copy filtered resources.
2014-11-23 17:03:18,151 [Worker-2] INFO  o.e.m.c.i.embedder.EclipseLogger - skip non existing resourceDirectory D:\ooadworkspace\tripville\src\test\resources
2014-11-23 17:19:11,498 [Worker-11] INFO  o.e.m.c.i.embedder.EclipseLogger - Using 'UTF-8' encoding to copy filtered resources.
2014-11-23 17:19:11,501 [Worker-11] INFO  o.e.m.c.i.embedder.EclipseLogger - Copying 3 resources
2014-11-23 17:19:11,506 [Worker-11] INFO  o.e.m.c.i.embedder.EclipseLogger - Using 'UTF-8' encoding to copy filtered resources.
2014-11-23 17:19:11,506 [Worker-11] INFO  o.e.m.c.i.embedder.EclipseLogger - skip non existing resourceDirectory D:\ooadworkspace\tripville\src\test\resources
2014-11-23 17:25:48,608 [Worker-13] INFO  o.e.m.c.i.embedder.EclipseLogger - Using 'UTF-8' encoding to copy filtered resources.
2014-11-23 17:25:48,611 [Worker-13] INFO  o.e.m.c.i.embedder.EclipseLogger - Copying 3 resources
2014-11-23 17:25:48,615 [Worker-13] INFO  o.e.m.c.i.embedder.EclipseLogger - Using 'UTF-8' encoding to copy filtered resources.
2014-11-23 17:25:48,616 [Worker-13] INFO  o.e.m.c.i.embedder.EclipseLogger - skip non existing resourceDirectory D:\ooadworkspace\tripville\src\test\resources
2014-11-23 17:40:01,497 [Worker-12] INFO  o.e.m.c.i.embedder.EclipseLogger - Using 'UTF-8' encoding to copy filtered resources.
2014-11-23 17:40:01,499 [Worker-12] INFO  o.e.m.c.i.embedder.EclipseLogger - Copying 0 resource
2014-11-23 17:40:01,501 [Worker-12] INFO  o.e.m.c.i.embedder.EclipseLogger - Using 'UTF-8' encoding to copy filtered resources.
2014-11-23 17:40:01,502 [Worker-12] INFO  o.e.m.c.i.embedder.EclipseLogger - skip non existing resourceDirectory D:\ooadworkspace\tripville\src\test\resources
2014-11-23 17:44:09,437 [Worker-0] INFO  o.e.m.c.i.embedder.EclipseLogger - Using 'UTF-8' encoding to copy filtered resources.
2014-11-23 17:44:09,454 [Worker-0] INFO  o.e.m.c.i.embedder.EclipseLogger - Copying 3 resources
2014-11-23 17:44:09,454 [Worker-0] INFO  o.e.m.c.i.embedder.EclipseLogger - Using 'UTF-8' encoding to copy filtered resources.
2014-11-23 17:44:09,454 [Worker-0] INFO  o.e.m.c.i.embedder.EclipseLogger - skip non existing resourceDirectory D:\ooadworkspace\tripville\src\test\resources
2014-11-23 17:51:21,019 [Worker-3] INFO  o.e.m.c.i.embedder.EclipseLogger - Using 'UTF-8' encoding to copy filtered resources.
2014-11-23 17:51:21,028 [Worker-3] INFO  o.e.m.c.i.embedder.EclipseLogger - Copying 3 resources
2014-11-23 17:51:21,035 [Worker-3] INFO  o.e.m.c.i.embedder.EclipseLogger - Using 'UTF-8' encoding to copy filtered resources.
2014-11-23 17:51:21,036 [Worker-3] INFO  o.e.m.c.i.embedder.EclipseLogger - skip non existing resourceDirectory D:\ooadworkspace\tripville\src\test\resources
2014-11-23 18:46:44,339 [Worker-22] INFO  o.e.m.c.i.embedder.EclipseLogger - Using 'UTF-8' encoding to copy filtered resources.
2014-11-23 18:46:44,354 [Worker-22] INFO  o.e.m.c.i.embedder.EclipseLogger - Copying 3 resources
2014-11-23 18:46:44,354 [Worker-22] INFO  o.e.m.c.i.embedder.EclipseLogger - Using 'UTF-8' encoding to copy filtered resources.
2014-11-23 18:46:44,354 [Worker-22] INFO  o.e.m.c.i.embedder.EclipseLogger - skip non existing resourceDirectory D:\ooadworkspace\tripville\src\test\resources
2014-11-23 18:52:17,979 [Worker-23] INFO  o.e.m.c.i.embedder.EclipseLogger - Using 'UTF-8' encoding to copy filtered resources.
2014-11-23 18:52:17,979 [Worker-23] INFO  o.e.m.c.i.embedder.EclipseLogger - Copying 3 resources
2014-11-23 18:52:17,979 [Worker-23] INFO  o.e.m.c.i.embedder.EclipseLogger - Using 'UTF-8' encoding to copy filtered resources.
2014-11-23 18:52:17,979 [Worker-23] INFO  o.e.m.c.i.embedder.EclipseLogger - skip non existing resourceDirectory D:\ooadworkspace\tripville\src\test\resources
2014-11-23 19:07:12,101 [Worker-30] INFO  o.e.m.c.i.l.LifecycleMappingFactory - Using org.maven.ide.eclipse.wtp.WarLifecycleMapping lifecycle mapping for MavenProject: com.github.tripville:tripville:1.7-SNAPSHOT @ D:\ooadworkspace\tripville\pom.xml.
2014-11-23 19:07:15,944 [Worker-30] INFO  o.e.m.c.i.embedder.EclipseLogger - Using 'UTF-8' encoding to copy filtered resources.
2014-11-23 19:07:15,944 [Worker-30] INFO  o.e.m.c.i.embedder.EclipseLogger - Copying 0 resource
2014-11-23 19:07:15,944 [Worker-30] INFO  o.e.m.c.i.embedder.EclipseLogger - Using 'UTF-8' encoding to copy filtered resources.
2014-11-23 19:07:15,944 [Worker-30] INFO  o.e.m.c.i.embedder.EclipseLogger - skip non existing resourceDirectory D:\ooadworkspace\tripville\src\test\resources
2014-11-23 19:07:15,944 [Worker-30] INFO  o.e.m.w.i.f.ResourceFilteringBuildParticipant - Changed resources require a complete clean of filtered resources of tripville
2014-11-23 19:07:15,944 [Worker-30] INFO  o.e.m.w.i.f.ResourceFilteringBuildParticipant - Executing resource filtering for tripville
2014-11-23 19:07:15,960 [Worker-30] INFO  o.e.m.c.i.embedder.EclipseLogger - Using 'UTF-8' encoding to copy filtered resources.
2014-11-23 19:07:59,708 [Worker-24] INFO  o.e.m.c.i.embedder.EclipseLogger - Using 'UTF-8' encoding to copy filtered resources.
2014-11-23 19:07:59,708 [Worker-24] INFO  o.e.m.c.i.embedder.EclipseLogger - Copying 0 resource
2014-11-23 19:07:59,708 [Worker-24] INFO  o.e.m.c.i.embedder.EclipseLogger - Using 'UTF-8' encoding to copy filtered resources.
2014-11-23 19:07:59,708 [Worker-24] INFO  o.e.m.c.i.embedder.EclipseLogger - skip non existing resourceDirectory D:\ooadworkspace\tripville\src\test\resources
2014-11-23 19:11:04,758 [Worker-35] INFO  o.e.m.c.i.embedder.EclipseLogger - Using 'UTF-8' encoding to copy filtered resources.
2014-11-23 19:11:04,758 [Worker-35] INFO  o.e.m.c.i.embedder.EclipseLogger - Copying 3 resources
2014-11-23 19:11:04,758 [Worker-35] INFO  o.e.m.c.i.embedder.EclipseLogger - Using 'UTF-8' encoding to copy filtered resources.
2014-11-23 19:11:04,758 [Worker-35] INFO  o.e.m.c.i.embedder.EclipseLogger - skip non existing resourceDirectory D:\ooadworkspace\tripville\src\test\resources
2014-11-24 18:05:12,168 [Worker-110] INFO  o.e.m.c.i.embedder.EclipseLogger - Using 'UTF-8' encoding to copy filtered resources.
2014-11-24 18:05:12,168 [Worker-110] INFO  o.e.m.c.i.embedder.EclipseLogger - Copying 0 resource
2014-11-24 18:05:12,168 [Worker-110] INFO  o.e.m.c.i.embedder.EclipseLogger - Using 'UTF-8' encoding to copy filtered resources.
2014-11-24 18:05:12,168 [Worker-110] INFO  o.e.m.c.i.embedder.EclipseLogger - skip non existing resourceDirectory D:\ooadworkspace\tripville\src\test\resources
2014-11-24 18:05:34,503 [Worker-113] INFO  o.e.m.c.i.embedder.EclipseLogger - Using 'UTF-8' encoding to copy filtered resources.
2014-11-24 18:05:34,503 [Worker-113] INFO  o.e.m.c.i.embedder.EclipseLogger - Copying 0 resource
2014-11-24 18:05:34,503 [Worker-113] INFO  o.e.m.c.i.embedder.EclipseLogger - Using 'UTF-8' encoding to copy filtered resources.
2014-11-24 18:05:34,503 [Worker-113] INFO  o.e.m.c.i.embedder.EclipseLogger - skip non existing resourceDirectory D:\ooadworkspace\tripville\src\test\resources
2014-11-24 18:10:57,983 [Worker-118] INFO  o.e.m.c.i.embedder.EclipseLogger - Using 'UTF-8' encoding to copy filtered resources.
2014-11-24 18:10:57,983 [Worker-118] INFO  o.e.m.c.i.embedder.EclipseLogger - Copying 3 resources
2014-11-24 18:10:57,998 [Worker-118] INFO  o.e.m.c.i.embedder.EclipseLogger - Using 'UTF-8' encoding to copy filtered resources.
2014-11-24 18:10:57,998 [Worker-118] INFO  o.e.m.c.i.embedder.EclipseLogger - skip non existing resourceDirectory D:\ooadworkspace\tripville\src\test\resources
